


ARM Macro Assembler    Page 1 


    1 00000000         ;/******************************************************
                       ********************//**
    2 00000000         ; * @file     startup_NUC121.s
    3 00000000         ; * @version  V3.00
    4 00000000         ; * @brief    NUC121 Startup Source File
    5 00000000         ; *
    6 00000000         ; * @copyright (C) 2016 Nuvoton Technology Corp. All rig
                       hts reserved.
    7 00000000         ; ******************************************************
                       ************************/
    8 00000000                 IF               :LNOT: :DEF: Stack_Size
   10                          ENDIF
   11 00000000         
   12 00000000                 AREA             STACK, NOINIT, READWRITE, ALIGN
=3
   13 00000000         Stack_Mem
                               SPACE            Stack_Size
   14 00000200         __initial_sp
   15 00000200         
   16 00000200         
   17 00000200         ; <h> Heap Configuration
   18 00000200         ;   <o>  Heap Size (in Bytes) <0x0-0xFFFFFFFF:8>
   19 00000200         ; </h>
   20 00000200                 IF               :LNOT: :DEF: Heap_Size
   22                          ENDIF
   23 00000200                 AREA             HEAP, NOINIT, READWRITE, ALIGN=
3
   24 00000000         __heap_base
   25 00000000         Heap_Mem
                               SPACE            Heap_Size
   26 00000000         __heap_limit
   27 00000000         
   28 00000000         
   29 00000000                 PRESERVE8
   30 00000000                 THUMB
   31 00000000         
   32 00000000         
   33 00000000         ; Vector Table Mapped to Address 0 at Reset
   34 00000000                 AREA             RESET, DATA, READONLY
   35 00000000                 EXPORT           __Vectors
   36 00000000         
   37 00000000 00000000 
                       __Vectors
                               DCD              __initial_sp ; Top of Stack
   38 00000004 00000000        DCD              Reset_Handler ; Reset Handler
   39 00000008 00000000        DCD              NMI_Handler ; NMI Handler
   40 0000000C 00000000        DCD              HardFault_Handler ; Hard Fault 
                                                            Handler
   41 00000010 00000000        DCD              0           ; Reserved
   42 00000014 00000000        DCD              0           ; Reserved
   43 00000018 00000000        DCD              0           ; Reserved
   44 0000001C 00000000        DCD              0           ; Reserved
   45 00000020 00000000        DCD              0           ; Reserved
   46 00000024 00000000        DCD              0           ; Reserved
   47 00000028 00000000        DCD              0           ; Reserved
   48 0000002C 00000000        DCD              SVC_Handler ; SVCall Handler
   49 00000030 00000000        DCD              0           ; Reserved
   50 00000034 00000000        DCD              0           ; Reserved
   51 00000038 00000000        DCD              PendSV_Handler ; PendSV Handler



ARM Macro Assembler    Page 2 


                                                            
   52 0000003C 00000000        DCD              SysTick_Handler 
                                                            ; SysTick Handler
   53 00000040         
   54 00000040         ; External Interrupts
   55 00000040         ; maximum of 32 External Interrupts are possible
   56 00000040 00000000        DCD              BOD_IRQHandler
   57 00000044 00000000        DCD              WDT_IRQHandler
   58 00000048 00000000        DCD              EINT024_IRQHandler
   59 0000004C 00000000        DCD              EINT135_IRQHandler
   60 00000050 00000000        DCD              GPAB_IRQHandler
   61 00000054 00000000        DCD              GPCDEF_IRQHandler
   62 00000058 00000000        DCD              PWM0_IRQHandler
   63 0000005C 00000000        DCD              PWM1_IRQHandler
   64 00000060 00000000        DCD              TMR0_IRQHandler
   65 00000064 00000000        DCD              TMR1_IRQHandler
   66 00000068 00000000        DCD              TMR2_IRQHandler
   67 0000006C 00000000        DCD              TMR3_IRQHandler
   68 00000070 00000000        DCD              UART0_IRQHandler
   69 00000074 00000000        DCD              Default_Handler
   70 00000078 00000000        DCD              SPI0_IRQHandler
   71 0000007C 00000000        DCD              Default_Handler
   72 00000080 00000000        DCD              Default_Handler
   73 00000084 00000000        DCD              Default_Handler
   74 00000088 00000000        DCD              I2C0_IRQHandler
   75 0000008C 00000000        DCD              I2C1_IRQHandler
   76 00000090 00000000        DCD              BPWM0_IRQHandler
   77 00000094 00000000        DCD              BPWM1_IRQHandler
   78 00000098 00000000        DCD              USCI_IRQHandler
   79 0000009C 00000000        DCD              USBD_IRQHandler
   80 000000A0 00000000        DCD              Default_Handler
   81 000000A4 00000000        DCD              PWM_BRAKE_IRQHandler
   82 000000A8 00000000        DCD              PDMA_IRQHandler
   83 000000AC 00000000        DCD              Default_Handler
   84 000000B0 00000000        DCD              PWRWU_IRQHandler
   85 000000B4 00000000        DCD              ADC_IRQHandler
   86 000000B8 00000000        DCD              CLKDIRC_IRQHandler
   87 000000BC 00000000        DCD              Default_Handler
   88 000000C0         
   89 000000C0         
   90 000000C0                 AREA             |.text|, CODE, READONLY
   91 00000000         
   92 00000000         
   93 00000000         
   94 00000000         ; Reset Handler 
   95 00000000         
   96 00000000                 ENTRY
   97 00000000         
   98 00000000         Reset_Handler
                               PROC
   99 00000000                 EXPORT           Reset_Handler             [WEAK
]
  100 00000000                 IMPORT           SystemInit
  101 00000000                 IMPORT           __main
  102 00000000         
  103 00000000 480A            LDR              R0, =0x50000100
  104 00000002         ; Unlock Register                
  105 00000002         
  106 00000002 490B            LDR              R1, =0x59



ARM Macro Assembler    Page 3 


  107 00000004 6001            STR              R1, [R0]
  108 00000006 490B            LDR              R1, =0x16
  109 00000008 6001            STR              R1, [R0]
  110 0000000A 490B            LDR              R1, =0x88
  111 0000000C 6001            STR              R1, [R0]
  112 0000000E         
  113 0000000E         ; Init POR
  114 0000000E 4A0B            LDR              R2, =0x50000024
  115 00000010 490B            LDR              R1, =0x00005AA5
  116 00000012 6011            STR              R1, [R2]
  117 00000014         
  118 00000014         ; Lock register
  119 00000014 2100            MOVS             R1, #0
  120 00000016 6001            STR              R1, [R0]
  121 00000018         
  122 00000018 480A            LDR              R0, =SystemInit
  123 0000001A 4780            BLX              R0
  124 0000001C 480A            LDR              R0, =__main
  125 0000001E 4700            BX               R0
  126 00000020                 ENDP
  127 00000020         
  128 00000020         
  129 00000020         
  130 00000020         ; Dummy Exception Handlers (infinite loops which can be 
                       modified)
  131 00000020         
  132 00000020         NMI_Handler
                               PROC
  133 00000020                 EXPORT           NMI_Handler               [WEAK
]
  134 00000020 E7FE            B                .
  135 00000022                 ENDP
  137 00000022         HardFault_Handler
                               PROC
  138 00000022                 EXPORT           HardFault_Handler         [WEAK
]
  139 00000022 E7FE            B                .
  140 00000024                 ENDP
  141 00000024         SVC_Handler
                               PROC
  142 00000024                 EXPORT           SVC_Handler               [WEAK
]
  143 00000024 E7FE            B                .
  144 00000026                 ENDP
  145 00000026         PendSV_Handler
                               PROC
  146 00000026                 EXPORT           PendSV_Handler            [WEAK
]
  147 00000026 E7FE            B                .
  148 00000028                 ENDP
  149 00000028         SysTick_Handler
                               PROC
  150 00000028                 EXPORT           SysTick_Handler           [WEAK
]
  151 00000028 E7FE            B                .
  152 0000002A                 ENDP
  153 0000002A         
  154 0000002A         Default_Handler
                               PROC



ARM Macro Assembler    Page 4 


  155 0000002A         
  156 0000002A                 EXPORT           BOD_IRQHandler            [WEAK
]
  157 0000002A                 EXPORT           WDT_IRQHandler            [WEAK
]
  158 0000002A                 EXPORT           EINT024_IRQHandler        [WEAK
]
  159 0000002A                 EXPORT           EINT135_IRQHandler        [WEAK
]
  160 0000002A                 EXPORT           GPAB_IRQHandler           [WEAK
]
  161 0000002A                 EXPORT           GPCDEF_IRQHandler         [WEAK
]
  162 0000002A                 EXPORT           PWM0_IRQHandler           [WEAK
]
  163 0000002A                 EXPORT           PWM1_IRQHandler           [WEAK
]
  164 0000002A                 EXPORT           TMR0_IRQHandler           [WEAK
]
  165 0000002A                 EXPORT           TMR1_IRQHandler           [WEAK
]
  166 0000002A                 EXPORT           TMR2_IRQHandler           [WEAK
]
  167 0000002A                 EXPORT           TMR3_IRQHandler           [WEAK
]
  168 0000002A                 EXPORT           UART0_IRQHandler          [WEAK
]
  169 0000002A                 EXPORT           SPI0_IRQHandler           [WEAK
]
  170 0000002A                 EXPORT           I2C0_IRQHandler           [WEAK
]
  171 0000002A                 EXPORT           I2C1_IRQHandler           [WEAK
]
  172 0000002A                 EXPORT           BPWM0_IRQHandler          [WEAK
]
  173 0000002A                 EXPORT           BPWM1_IRQHandler          [WEAK
]
  174 0000002A                 EXPORT           USCI_IRQHandler           [WEAK
]
  175 0000002A                 EXPORT           USBD_IRQHandler           [WEAK
]
  176 0000002A                 EXPORT           PWM_BRAKE_IRQHandler      [WEAK
]
  177 0000002A                 EXPORT           PDMA_IRQHandler           [WEAK
]
  178 0000002A                 EXPORT           PWRWU_IRQHandler          [WEAK
]
  179 0000002A                 EXPORT           ADC_IRQHandler            [WEAK
]
  180 0000002A                 EXPORT           CLKDIRC_IRQHandler        [WEAK
]
  181 0000002A         
  182 0000002A         BOD_IRQHandler
  183 0000002A         WDT_IRQHandler
  184 0000002A         EINT024_IRQHandler
  185 0000002A         EINT135_IRQHandler
  186 0000002A         GPAB_IRQHandler
  187 0000002A         GPCDEF_IRQHandler
  188 0000002A         PWM0_IRQHandler



ARM Macro Assembler    Page 5 


  189 0000002A         PWM1_IRQHandler
  190 0000002A         TMR0_IRQHandler
  191 0000002A         TMR1_IRQHandler
  192 0000002A         TMR2_IRQHandler
  193 0000002A         TMR3_IRQHandler
  194 0000002A         UART0_IRQHandler
  195 0000002A         SPI0_IRQHandler
  196 0000002A         I2C0_IRQHandler
  197 0000002A         I2C1_IRQHandler
  198 0000002A         BPWM0_IRQHandler
  199 0000002A         BPWM1_IRQHandler
  200 0000002A         USCI_IRQHandler
  201 0000002A         USBD_IRQHandler
  202 0000002A         PWM_BRAKE_IRQHandler
  203 0000002A         PDMA_IRQHandler
  204 0000002A         PWRWU_IRQHandler
  205 0000002A         ADC_IRQHandler
  206 0000002A         CLKDIRC_IRQHandler
  207 0000002A E7FE            B                .
  208 0000002C                 ENDP
  209 0000002C         
  210 0000002C         
  211 0000002C                 ALIGN
  212 0000002C         
  213 0000002C         
  214 0000002C         ; User Initial Stack & Heap
  215 0000002C         
  216 0000002C                 IF               :DEF:__MICROLIB
  217 0000002C         
  218 0000002C                 EXPORT           __initial_sp
  219 0000002C                 EXPORT           __heap_base
  220 0000002C                 EXPORT           __heap_limit
  221 0000002C         
  222 0000002C                 ELSE
  236                          ENDIF
  237 0000002C         
  238 0000002C                 END
              50000100 
              00000059 
              00000016 
              00000088 
              50000024 
              00005AA5 
              00000000 
              00000000 
Command Line: --debug --xref --diag_suppress=9931 --cpu=Cortex-M0 --apcs=interw
ork --depend=.\obj\startup_nuc121.d -o.\obj\startup_nuc121.o -IC:\Keil_v5\ARM\A
RM\RV31\INC -IC:\Keil_v5\ARM\ARM\CMSIS\Include -IC:\Keil_v5\ARM\ARM\INC\?ST\STM
32F10x --predefine="__MICROLIB SETA 1" --predefine="__UVISION_VERSION SETA 529"
 --list=.\lst\startup_nuc121.lst ..\..\..\..\Library\Device\Nuvoton\NUC121\Sour
ce\ARM\startup_NUC121.s



ARM Macro Assembler    Page 1 Alphabetic symbol ordering
Relocatable symbols

STACK 00000000

Symbol: STACK
   Definitions
      At line 12 in file ..\..\..\..\Library\Device\Nuvoton\NUC121\Source\ARM\s
tartup_NUC121.s
   Uses
      None
Comment: STACK unused
Stack_Mem 00000000

Symbol: Stack_Mem
   Definitions
      At line 13 in file ..\..\..\..\Library\Device\Nuvoton\NUC121\Source\ARM\s
tartup_NUC121.s
   Uses
      None
Comment: Stack_Mem unused
__initial_sp 00000200

Symbol: __initial_sp
   Definitions
      At line 14 in file ..\..\..\..\Library\Device\Nuvoton\NUC121\Source\ARM\s
tartup_NUC121.s
   Uses
      At line 37 in file ..\..\..\..\Library\Device\Nuvoton\NUC121\Source\ARM\s
tartup_NUC121.s
      At line 218 in file ..\..\..\..\Library\Device\Nuvoton\NUC121\Source\ARM\
startup_NUC121.s

3 symbols



ARM Macro Assembler    Page 1 Alphabetic symbol ordering
Relocatable symbols

HEAP 00000000

Symbol: HEAP
   Definitions
      At line 23 in file ..\..\..\..\Library\Device\Nuvoton\NUC121\Source\ARM\s
tartup_NUC121.s
   Uses
      None
Comment: HEAP unused
Heap_Mem 00000000

Symbol: Heap_Mem
   Definitions
      At line 25 in file ..\..\..\..\Library\Device\Nuvoton\NUC121\Source\ARM\s
tartup_NUC121.s
   Uses
      None
Comment: Heap_Mem unused
__heap_base 00000000

Symbol: __heap_base
   Definitions
      At line 24 in file ..\..\..\..\Library\Device\Nuvoton\NUC121\Source\ARM\s
tartup_NUC121.s
   Uses
      At line 219 in file ..\..\..\..\Library\Device\Nuvoton\NUC121\Source\ARM\
startup_NUC121.s
Comment: __heap_base used once
__heap_limit 00000000

Symbol: __heap_limit
   Definitions
      At line 26 in file ..\..\..\..\Library\Device\Nuvoton\NUC121\Source\ARM\s
tartup_NUC121.s
   Uses
      At line 220 in file ..\..\..\..\Library\Device\Nuvoton\NUC121\Source\ARM\
startup_NUC121.s
Comment: __heap_limit used once
4 symbols



ARM Macro Assembler    Page 1 Alphabetic symbol ordering
Relocatable symbols

RESET 00000000

Symbol: RESET
   Definitions
      At line 34 in file ..\..\..\..\Library\Device\Nuvoton\NUC121\Source\ARM\s
tartup_NUC121.s
   Uses
      None
Comment: RESET unused
__Vectors 00000000

Symbol: __Vectors
   Definitions
      At line 37 in file ..\..\..\..\Library\Device\Nuvoton\NUC121\Source\ARM\s
tartup_NUC121.s
   Uses
      At line 35 in file ..\..\..\..\Library\Device\Nuvoton\NUC121\Source\ARM\s
tartup_NUC121.s
Comment: __Vectors used once
2 symbols



ARM Macro Assembler    Page 1 Alphabetic symbol ordering
Relocatable symbols

.text 00000000

Symbol: .text
   Definitions
      At line 90 in file ..\..\..\..\Library\Device\Nuvoton\NUC121\Source\ARM\s
tartup_NUC121.s
   Uses
      None
Comment: .text unused
ADC_IRQHandler 0000002A

Symbol: ADC_IRQHandler
   Definitions
      At line 205 in file ..\..\..\..\Library\Device\Nuvoton\NUC121\Source\ARM\
startup_NUC121.s
   Uses
      At line 85 in file ..\..\..\..\Library\Device\Nuvoton\NUC121\Source\ARM\s
tartup_NUC121.s
      At line 179 in file ..\..\..\..\Library\Device\Nuvoton\NUC121\Source\ARM\
startup_NUC121.s

BOD_IRQHandler 0000002A

Symbol: BOD_IRQHandler
   Definitions
      At line 182 in file ..\..\..\..\Library\Device\Nuvoton\NUC121\Source\ARM\
startup_NUC121.s
   Uses
      At line 56 in file ..\..\..\..\Library\Device\Nuvoton\NUC121\Source\ARM\s
tartup_NUC121.s
      At line 156 in file ..\..\..\..\Library\Device\Nuvoton\NUC121\Source\ARM\
startup_NUC121.s

BPWM0_IRQHandler 0000002A

Symbol: BPWM0_IRQHandler
   Definitions
      At line 198 in file ..\..\..\..\Library\Device\Nuvoton\NUC121\Source\ARM\
startup_NUC121.s
   Uses
      At line 76 in file ..\..\..\..\Library\Device\Nuvoton\NUC121\Source\ARM\s
tartup_NUC121.s
      At line 172 in file ..\..\..\..\Library\Device\Nuvoton\NUC121\Source\ARM\
startup_NUC121.s

BPWM1_IRQHandler 0000002A

Symbol: BPWM1_IRQHandler
   Definitions
      At line 199 in file ..\..\..\..\Library\Device\Nuvoton\NUC121\Source\ARM\
startup_NUC121.s
   Uses
      At line 77 in file ..\..\..\..\Library\Device\Nuvoton\NUC121\Source\ARM\s
tartup_NUC121.s
      At line 173 in file ..\..\..\..\Library\Device\Nuvoton\NUC121\Source\ARM\
startup_NUC121.s

CLKDIRC_IRQHandler 0000002A




ARM Macro Assembler    Page 2 Alphabetic symbol ordering
Relocatable symbols

Symbol: CLKDIRC_IRQHandler
   Definitions
      At line 206 in file ..\..\..\..\Library\Device\Nuvoton\NUC121\Source\ARM\
startup_NUC121.s
   Uses
      At line 86 in file ..\..\..\..\Library\Device\Nuvoton\NUC121\Source\ARM\s
tartup_NUC121.s
      At line 180 in file ..\..\..\..\Library\Device\Nuvoton\NUC121\Source\ARM\
startup_NUC121.s

Default_Handler 0000002A

Symbol: Default_Handler
   Definitions
      At line 154 in file ..\..\..\..\Library\Device\Nuvoton\NUC121\Source\ARM\
startup_NUC121.s
   Uses
      At line 69 in file ..\..\..\..\Library\Device\Nuvoton\NUC121\Source\ARM\s
tartup_NUC121.s
      At line 71 in file ..\..\..\..\Library\Device\Nuvoton\NUC121\Source\ARM\s
tartup_NUC121.s
      At line 72 in file ..\..\..\..\Library\Device\Nuvoton\NUC121\Source\ARM\s
tartup_NUC121.s
      At line 73 in file ..\..\..\..\Library\Device\Nuvoton\NUC121\Source\ARM\s
tartup_NUC121.s
      At line 80 in file ..\..\..\..\Library\Device\Nuvoton\NUC121\Source\ARM\s
tartup_NUC121.s
      At line 83 in file ..\..\..\..\Library\Device\Nuvoton\NUC121\Source\ARM\s
tartup_NUC121.s
      At line 87 in file ..\..\..\..\Library\Device\Nuvoton\NUC121\Source\ARM\s
tartup_NUC121.s

EINT024_IRQHandler 0000002A

Symbol: EINT024_IRQHandler
   Definitions
      At line 184 in file ..\..\..\..\Library\Device\Nuvoton\NUC121\Source\ARM\
startup_NUC121.s
   Uses
      At line 58 in file ..\..\..\..\Library\Device\Nuvoton\NUC121\Source\ARM\s
tartup_NUC121.s
      At line 158 in file ..\..\..\..\Library\Device\Nuvoton\NUC121\Source\ARM\
startup_NUC121.s

EINT135_IRQHandler 0000002A

Symbol: EINT135_IRQHandler
   Definitions
      At line 185 in file ..\..\..\..\Library\Device\Nuvoton\NUC121\Source\ARM\
startup_NUC121.s
   Uses
      At line 59 in file ..\..\..\..\Library\Device\Nuvoton\NUC121\Source\ARM\s
tartup_NUC121.s
      At line 159 in file ..\..\..\..\Library\Device\Nuvoton\NUC121\Source\ARM\
startup_NUC121.s

GPAB_IRQHandler 0000002A

Symbol: GPAB_IRQHandler



ARM Macro Assembler    Page 3 Alphabetic symbol ordering
Relocatable symbols

   Definitions
      At line 186 in file ..\..\..\..\Library\Device\Nuvoton\NUC121\Source\ARM\
startup_NUC121.s
   Uses
      At line 60 in file ..\..\..\..\Library\Device\Nuvoton\NUC121\Source\ARM\s
tartup_NUC121.s
      At line 160 in file ..\..\..\..\Library\Device\Nuvoton\NUC121\Source\ARM\
startup_NUC121.s

GPCDEF_IRQHandler 0000002A

Symbol: GPCDEF_IRQHandler
   Definitions
      At line 187 in file ..\..\..\..\Library\Device\Nuvoton\NUC121\Source\ARM\
startup_NUC121.s
   Uses
      At line 61 in file ..\..\..\..\Library\Device\Nuvoton\NUC121\Source\ARM\s
tartup_NUC121.s
      At line 161 in file ..\..\..\..\Library\Device\Nuvoton\NUC121\Source\ARM\
startup_NUC121.s

HardFault_Handler 00000022

Symbol: HardFault_Handler
   Definitions
      At line 137 in file ..\..\..\..\Library\Device\Nuvoton\NUC121\Source\ARM\
startup_NUC121.s
   Uses
      At line 40 in file ..\..\..\..\Library\Device\Nuvoton\NUC121\Source\ARM\s
tartup_NUC121.s
      At line 138 in file ..\..\..\..\Library\Device\Nuvoton\NUC121\Source\ARM\
startup_NUC121.s

I2C0_IRQHandler 0000002A

Symbol: I2C0_IRQHandler
   Definitions
      At line 196 in file ..\..\..\..\Library\Device\Nuvoton\NUC121\Source\ARM\
startup_NUC121.s
   Uses
      At line 74 in file ..\..\..\..\Library\Device\Nuvoton\NUC121\Source\ARM\s
tartup_NUC121.s
      At line 170 in file ..\..\..\..\Library\Device\Nuvoton\NUC121\Source\ARM\
startup_NUC121.s

I2C1_IRQHandler 0000002A

Symbol: I2C1_IRQHandler
   Definitions
      At line 197 in file ..\..\..\..\Library\Device\Nuvoton\NUC121\Source\ARM\
startup_NUC121.s
   Uses
      At line 75 in file ..\..\..\..\Library\Device\Nuvoton\NUC121\Source\ARM\s
tartup_NUC121.s
      At line 171 in file ..\..\..\..\Library\Device\Nuvoton\NUC121\Source\ARM\
startup_NUC121.s

NMI_Handler 00000020




ARM Macro Assembler    Page 4 Alphabetic symbol ordering
Relocatable symbols

Symbol: NMI_Handler
   Definitions
      At line 132 in file ..\..\..\..\Library\Device\Nuvoton\NUC121\Source\ARM\
startup_NUC121.s
   Uses
      At line 39 in file ..\..\..\..\Library\Device\Nuvoton\NUC121\Source\ARM\s
tartup_NUC121.s
      At line 133 in file ..\..\..\..\Library\Device\Nuvoton\NUC121\Source\ARM\
startup_NUC121.s

PDMA_IRQHandler 0000002A

Symbol: PDMA_IRQHandler
   Definitions
      At line 203 in file ..\..\..\..\Library\Device\Nuvoton\NUC121\Source\ARM\
startup_NUC121.s
   Uses
      At line 82 in file ..\..\..\..\Library\Device\Nuvoton\NUC121\Source\ARM\s
tartup_NUC121.s
      At line 177 in file ..\..\..\..\Library\Device\Nuvoton\NUC121\Source\ARM\
startup_NUC121.s

PWM0_IRQHandler 0000002A

Symbol: PWM0_IRQHandler
   Definitions
      At line 188 in file ..\..\..\..\Library\Device\Nuvoton\NUC121\Source\ARM\
startup_NUC121.s
   Uses
      At line 62 in file ..\..\..\..\Library\Device\Nuvoton\NUC121\Source\ARM\s
tartup_NUC121.s
      At line 162 in file ..\..\..\..\Library\Device\Nuvoton\NUC121\Source\ARM\
startup_NUC121.s

PWM1_IRQHandler 0000002A

Symbol: PWM1_IRQHandler
   Definitions
      At line 189 in file ..\..\..\..\Library\Device\Nuvoton\NUC121\Source\ARM\
startup_NUC121.s
   Uses
      At line 63 in file ..\..\..\..\Library\Device\Nuvoton\NUC121\Source\ARM\s
tartup_NUC121.s
      At line 163 in file ..\..\..\..\Library\Device\Nuvoton\NUC121\Source\ARM\
startup_NUC121.s

PWM_BRAKE_IRQHandler 0000002A

Symbol: PWM_BRAKE_IRQHandler
   Definitions
      At line 202 in file ..\..\..\..\Library\Device\Nuvoton\NUC121\Source\ARM\
startup_NUC121.s
   Uses
      At line 81 in file ..\..\..\..\Library\Device\Nuvoton\NUC121\Source\ARM\s
tartup_NUC121.s
      At line 176 in file ..\..\..\..\Library\Device\Nuvoton\NUC121\Source\ARM\
startup_NUC121.s

PWRWU_IRQHandler 0000002A



ARM Macro Assembler    Page 5 Alphabetic symbol ordering
Relocatable symbols


Symbol: PWRWU_IRQHandler
   Definitions
      At line 204 in file ..\..\..\..\Library\Device\Nuvoton\NUC121\Source\ARM\
startup_NUC121.s
   Uses
      At line 84 in file ..\..\..\..\Library\Device\Nuvoton\NUC121\Source\ARM\s
tartup_NUC121.s
      At line 178 in file ..\..\..\..\Library\Device\Nuvoton\NUC121\Source\ARM\
startup_NUC121.s

PendSV_Handler 00000026

Symbol: PendSV_Handler
   Definitions
      At line 145 in file ..\..\..\..\Library\Device\Nuvoton\NUC121\Source\ARM\
startup_NUC121.s
   Uses
      At line 51 in file ..\..\..\..\Library\Device\Nuvoton\NUC121\Source\ARM\s
tartup_NUC121.s
      At line 146 in file ..\..\..\..\Library\Device\Nuvoton\NUC121\Source\ARM\
startup_NUC121.s

Reset_Handler 00000000

Symbol: Reset_Handler
   Definitions
      At line 98 in file ..\..\..\..\Library\Device\Nuvoton\NUC121\Source\ARM\s
tartup_NUC121.s
   Uses
      At line 38 in file ..\..\..\..\Library\Device\Nuvoton\NUC121\Source\ARM\s
tartup_NUC121.s
      At line 99 in file ..\..\..\..\Library\Device\Nuvoton\NUC121\Source\ARM\s
tartup_NUC121.s

SPI0_IRQHandler 0000002A

Symbol: SPI0_IRQHandler
   Definitions
      At line 195 in file ..\..\..\..\Library\Device\Nuvoton\NUC121\Source\ARM\
startup_NUC121.s
   Uses
      At line 70 in file ..\..\..\..\Library\Device\Nuvoton\NUC121\Source\ARM\s
tartup_NUC121.s
      At line 169 in file ..\..\..\..\Library\Device\Nuvoton\NUC121\Source\ARM\
startup_NUC121.s

SVC_Handler 00000024

Symbol: SVC_Handler
   Definitions
      At line 141 in file ..\..\..\..\Library\Device\Nuvoton\NUC121\Source\ARM\
startup_NUC121.s
   Uses
      At line 48 in file ..\..\..\..\Library\Device\Nuvoton\NUC121\Source\ARM\s
tartup_NUC121.s
      At line 142 in file ..\..\..\..\Library\Device\Nuvoton\NUC121\Source\ARM\
startup_NUC121.s




ARM Macro Assembler    Page 6 Alphabetic symbol ordering
Relocatable symbols

SysTick_Handler 00000028

Symbol: SysTick_Handler
   Definitions
      At line 149 in file ..\..\..\..\Library\Device\Nuvoton\NUC121\Source\ARM\
startup_NUC121.s
   Uses
      At line 52 in file ..\..\..\..\Library\Device\Nuvoton\NUC121\Source\ARM\s
tartup_NUC121.s
      At line 150 in file ..\..\..\..\Library\Device\Nuvoton\NUC121\Source\ARM\
startup_NUC121.s

TMR0_IRQHandler 0000002A

Symbol: TMR0_IRQHandler
   Definitions
      At line 190 in file ..\..\..\..\Library\Device\Nuvoton\NUC121\Source\ARM\
startup_NUC121.s
   Uses
      At line 64 in file ..\..\..\..\Library\Device\Nuvoton\NUC121\Source\ARM\s
tartup_NUC121.s
      At line 164 in file ..\..\..\..\Library\Device\Nuvoton\NUC121\Source\ARM\
startup_NUC121.s

TMR1_IRQHandler 0000002A

Symbol: TMR1_IRQHandler
   Definitions
      At line 191 in file ..\..\..\..\Library\Device\Nuvoton\NUC121\Source\ARM\
startup_NUC121.s
   Uses
      At line 65 in file ..\..\..\..\Library\Device\Nuvoton\NUC121\Source\ARM\s
tartup_NUC121.s
      At line 165 in file ..\..\..\..\Library\Device\Nuvoton\NUC121\Source\ARM\
startup_NUC121.s

TMR2_IRQHandler 0000002A

Symbol: TMR2_IRQHandler
   Definitions
      At line 192 in file ..\..\..\..\Library\Device\Nuvoton\NUC121\Source\ARM\
startup_NUC121.s
   Uses
      At line 66 in file ..\..\..\..\Library\Device\Nuvoton\NUC121\Source\ARM\s
tartup_NUC121.s
      At line 166 in file ..\..\..\..\Library\Device\Nuvoton\NUC121\Source\ARM\
startup_NUC121.s

TMR3_IRQHandler 0000002A

Symbol: TMR3_IRQHandler
   Definitions
      At line 193 in file ..\..\..\..\Library\Device\Nuvoton\NUC121\Source\ARM\
startup_NUC121.s
   Uses
      At line 67 in file ..\..\..\..\Library\Device\Nuvoton\NUC121\Source\ARM\s
tartup_NUC121.s
      At line 167 in file ..\..\..\..\Library\Device\Nuvoton\NUC121\Source\ARM\
startup_NUC121.s



ARM Macro Assembler    Page 7 Alphabetic symbol ordering
Relocatable symbols


UART0_IRQHandler 0000002A

Symbol: UART0_IRQHandler
   Definitions
      At line 194 in file ..\..\..\..\Library\Device\Nuvoton\NUC121\Source\ARM\
startup_NUC121.s
   Uses
      At line 68 in file ..\..\..\..\Library\Device\Nuvoton\NUC121\Source\ARM\s
tartup_NUC121.s
      At line 168 in file ..\..\..\..\Library\Device\Nuvoton\NUC121\Source\ARM\
startup_NUC121.s

USBD_IRQHandler 0000002A

Symbol: USBD_IRQHandler
   Definitions
      At line 201 in file ..\..\..\..\Library\Device\Nuvoton\NUC121\Source\ARM\
startup_NUC121.s
   Uses
      At line 79 in file ..\..\..\..\Library\Device\Nuvoton\NUC121\Source\ARM\s
tartup_NUC121.s
      At line 175 in file ..\..\..\..\Library\Device\Nuvoton\NUC121\Source\ARM\
startup_NUC121.s

USCI_IRQHandler 0000002A

Symbol: USCI_IRQHandler
   Definitions
      At line 200 in file ..\..\..\..\Library\Device\Nuvoton\NUC121\Source\ARM\
startup_NUC121.s
   Uses
      At line 78 in file ..\..\..\..\Library\Device\Nuvoton\NUC121\Source\ARM\s
tartup_NUC121.s
      At line 174 in file ..\..\..\..\Library\Device\Nuvoton\NUC121\Source\ARM\
startup_NUC121.s

WDT_IRQHandler 0000002A

Symbol: WDT_IRQHandler
   Definitions
      At line 183 in file ..\..\..\..\Library\Device\Nuvoton\NUC121\Source\ARM\
startup_NUC121.s
   Uses
      At line 57 in file ..\..\..\..\Library\Device\Nuvoton\NUC121\Source\ARM\s
tartup_NUC121.s
      At line 157 in file ..\..\..\..\Library\Device\Nuvoton\NUC121\Source\ARM\
startup_NUC121.s

33 symbols



ARM Macro Assembler    Page 1 Alphabetic symbol ordering
Absolute symbols

Heap_Size 00000000

Symbol: Heap_Size
   Definitions
      At line 21 in file ..\..\..\..\Library\Device\Nuvoton\NUC121\Source\ARM\s
tartup_NUC121.s
   Uses
      At line 25 in file ..\..\..\..\Library\Device\Nuvoton\NUC121\Source\ARM\s
tartup_NUC121.s
Comment: Heap_Size used once
Stack_Size 00000200

Symbol: Stack_Size
   Definitions
      At line 9 in file ..\..\..\..\Library\Device\Nuvoton\NUC121\Source\ARM\st
artup_NUC121.s
   Uses
      At line 13 in file ..\..\..\..\Library\Device\Nuvoton\NUC121\Source\ARM\s
tartup_NUC121.s
Comment: Stack_Size used once
2 symbols



ARM Macro Assembler    Page 1 Alphabetic symbol ordering
External symbols

SystemInit 00000000

Symbol: SystemInit
   Definitions
      At line 100 in file ..\..\..\..\Library\Device\Nuvoton\NUC121\Source\ARM\
startup_NUC121.s
   Uses
      At line 122 in file ..\..\..\..\Library\Device\Nuvoton\NUC121\Source\ARM\
startup_NUC121.s
Comment: SystemInit used once
__main 00000000

Symbol: __main
   Definitions
      At line 101 in file ..\..\..\..\Library\Device\Nuvoton\NUC121\Source\ARM\
startup_NUC121.s
   Uses
      At line 124 in file ..\..\..\..\Library\Device\Nuvoton\NUC121\Source\ARM\
startup_NUC121.s
Comment: __main used once
2 symbols
382 symbols in table
